2020-10-06 08:59:08.807  WARN 16076 --- [HikariPool-2 housekeeper] com.zaxxer.hikari.pool.HikariPool        : HikariPool-2 - Thread starvation or clock leap detected (housekeeper delta=9h9m28s220ms722µs).
2020-10-06 13:49:43.941  WARN 16076 --- [HikariPool-2 housekeeper] com.zaxxer.hikari.pool.HikariPool        : HikariPool-2 - Thread starvation or clock leap detected (housekeeper delta=44m39s881ms968µs).
2020-10-06 14:00:19.564  INFO 16076 --- [http-nio-9095-exec-6] com.cg.ewallet.controller.Controller     : Keeping table in sync
2020-10-06 14:23:34.922  WARN 16076 --- [Thread-11] com.netflix.discovery.DiscoveryClient    : Saw local status change event StatusChangeEvent [timestamp=1601974414919, current=DOWN, previous=UP]
2020-10-06 14:23:42.448  INFO 16076 --- [restartedMain] c.c.e.TransactionServiceApplication      : No active profile set, falling back to default profiles: default
2020-10-06 14:23:44.389  WARN 16076 --- [task-1] org.hibernate.mapping.RootClass          : HHH000038: Composite-id class does not override equals(): com.cg.ewallet.entity.CompositeKey
2020-10-06 14:23:44.397  WARN 16076 --- [task-1] org.hibernate.mapping.RootClass          : HHH000039: Composite-id class does not override hashCode(): com.cg.ewallet.entity.CompositeKey
2020-10-06 14:23:44.407  WARN 16076 --- [restartedMain] c.n.c.sources.URLConfigurationSource     : No URLs will be polled as dynamic configuration sources.
2020-10-06 14:23:44.504  WARN 16076 --- [restartedMain] JpaBaseConfiguration$JpaWebConfiguration : spring.jpa.open-in-view is enabled by default. Therefore, database queries may be performed during view rendering. Explicitly configure spring.jpa.open-in-view to disable this warning
2020-10-06 14:23:44.715  WARN 16076 --- [task-2] o.s.b.d.a.OptionalLiveReloadServer       : Unable to start LiveReload server
2020-10-06 14:23:45.943  WARN 16076 --- [restartedMain] ockingLoadBalancerClientRibbonWarnLogger : You already have RibbonLoadBalancerClient on your classpath. It will be used by default. As Spring Cloud Ribbon is in maintenance mode. We recommend switching to BlockingLoadBalancerClient instead. In order to use it, set the value of `spring.cloud.loadbalancer.ribbon.enabled` to `false` or remove spring-cloud-starter-netflix-ribbon from your project.
2020-10-06 14:23:45.975  WARN 16076 --- [restartedMain] arterDeprecationWarningAutoConfiguration : spring-cloud-starter-eureka is deprecated as of Spring Cloud Netflix 1.4.0, please migrate to spring-cloud-starter-netflix-eureka
2020-10-06 14:23:46.622  INFO 16076 --- [restartedMain] c.c.e.TransactionServiceApplication      : Started TransactionServiceApplication in 5.652 seconds (JVM running for 516936.416)
2020-10-06 14:24:30.893  INFO 16076 --- [http-nio-9095-exec-2] com.cg.ewallet.controller.Controller     : View Balance OF Customer
2020-10-06 14:25:15.131  INFO 16076 --- [http-nio-9095-exec-4] com.cg.ewallet.controller.Controller     : View Balance OF Customer
2020-10-06 14:27:18.777  INFO 16076 --- [http-nio-9095-exec-6] com.cg.ewallet.controller.Controller     : View Balance OF Customer
2020-10-06 14:29:45.500  INFO 16076 --- [http-nio-9095-exec-9] com.cg.ewallet.controller.Controller     : View Balance OF Customer
2020-10-06 14:29:54.717  INFO 16076 --- [http-nio-9095-exec-10] com.cg.ewallet.controller.Controller     : View Balance OF Customer
2020-10-06 14:30:12.337  INFO 16076 --- [http-nio-9095-exec-3] com.cg.ewallet.controller.Controller     : Transfer money Customer function
2020-10-06 14:33:27.154  INFO 16076 --- [http-nio-9095-exec-5] com.cg.ewallet.controller.Controller     : View Balance OF Customer
2020-10-06 14:42:36.204  INFO 16076 --- [http-nio-9095-exec-7] com.cg.ewallet.controller.Controller     : View Balance OF Customer
2020-10-06 14:43:04.938  INFO 16076 --- [http-nio-9095-exec-9] com.cg.ewallet.controller.Controller     : View Balance OF Customer
2020-10-06 14:43:30.229  INFO 16076 --- [http-nio-9095-exec-8] com.cg.ewallet.controller.Controller     : View Balance OF Customer
2020-10-06 14:43:39.398  INFO 16076 --- [http-nio-9095-exec-10] com.cg.ewallet.controller.Controller     : View Balance OF Customer
2020-10-06 14:43:45.781  INFO 16076 --- [http-nio-9095-exec-1] com.cg.ewallet.controller.Controller     : View Balance OF Customer
2020-10-06 14:45:12.223  INFO 16076 --- [http-nio-9095-exec-3] com.cg.ewallet.controller.Controller     : View Balance OF Customer
2020-10-06 14:48:08.907  INFO 16076 --- [http-nio-9095-exec-5] com.cg.ewallet.controller.Controller     : View Balance OF Customer
2020-10-06 14:48:26.621  INFO 16076 --- [http-nio-9095-exec-6] com.cg.ewallet.controller.Controller     : View Balance OF Customer
2020-10-06 14:48:30.874  INFO 16076 --- [http-nio-9095-exec-9] com.cg.ewallet.controller.Controller     : transaction details by phn number
2020-10-06 14:53:14.564  WARN 16076 --- [Thread-19] com.netflix.discovery.DiscoveryClient    : Saw local status change event StatusChangeEvent [timestamp=1601976194564, current=DOWN, previous=UP]
2020-10-06 14:53:18.123  WARN 16076 --- [DiscoveryClient-1] c.netflix.discovery.TimedSupervisorTask  : task supervisor shutting down, can't accept the task
2020-10-06 14:53:19.567  INFO 16076 --- [restartedMain] c.c.e.TransactionServiceApplication      : No active profile set, falling back to default profiles: default
2020-10-06 14:53:20.659  WARN 16076 --- [task-1] org.hibernate.mapping.RootClass          : HHH000038: Composite-id class does not override equals(): com.cg.ewallet.entity.CompositeKey
2020-10-06 14:53:20.661  WARN 16076 --- [task-1] org.hibernate.mapping.RootClass          : HHH000039: Composite-id class does not override hashCode(): com.cg.ewallet.entity.CompositeKey
2020-10-06 14:53:20.676  WARN 16076 --- [restartedMain] c.n.c.sources.URLConfigurationSource     : No URLs will be polled as dynamic configuration sources.
2020-10-06 14:53:20.701  WARN 16076 --- [restartedMain] JpaBaseConfiguration$JpaWebConfiguration : spring.jpa.open-in-view is enabled by default. Therefore, database queries may be performed during view rendering. Explicitly configure spring.jpa.open-in-view to disable this warning
2020-10-06 14:53:20.823  WARN 16076 --- [task-2] o.s.b.d.a.OptionalLiveReloadServer       : Unable to start LiveReload server
2020-10-06 14:53:21.640  WARN 16076 --- [restartedMain] ockingLoadBalancerClientRibbonWarnLogger : You already have RibbonLoadBalancerClient on your classpath. It will be used by default. As Spring Cloud Ribbon is in maintenance mode. We recommend switching to BlockingLoadBalancerClient instead. In order to use it, set the value of `spring.cloud.loadbalancer.ribbon.enabled` to `false` or remove spring-cloud-starter-netflix-ribbon from your project.
2020-10-06 14:53:21.656  WARN 16076 --- [restartedMain] arterDeprecationWarningAutoConfiguration : spring-cloud-starter-eureka is deprecated as of Spring Cloud Netflix 1.4.0, please migrate to spring-cloud-starter-netflix-eureka
2020-10-06 14:53:22.232  INFO 16076 --- [restartedMain] c.c.e.TransactionServiceApplication      : Started TransactionServiceApplication in 3.583 seconds (JVM running for 518712.023)
2020-10-06 14:53:26.468  WARN 16076 --- [Thread-27] com.netflix.discovery.DiscoveryClient    : Saw local status change event StatusChangeEvent [timestamp=1601976206468, current=DOWN, previous=UP]
2020-10-06 14:53:31.582  INFO 16076 --- [restartedMain] c.c.e.TransactionServiceApplication      : No active profile set, falling back to default profiles: default
2020-10-06 14:53:32.617  WARN 16076 --- [task-1] org.hibernate.mapping.RootClass          : HHH000038: Composite-id class does not override equals(): com.cg.ewallet.entity.CompositeKey
2020-10-06 14:53:32.621  WARN 16076 --- [task-1] org.hibernate.mapping.RootClass          : HHH000039: Composite-id class does not override hashCode(): com.cg.ewallet.entity.CompositeKey
2020-10-06 14:53:32.631  WARN 16076 --- [restartedMain] c.n.c.sources.URLConfigurationSource     : No URLs will be polled as dynamic configuration sources.
2020-10-06 14:53:32.656  WARN 16076 --- [restartedMain] JpaBaseConfiguration$JpaWebConfiguration : spring.jpa.open-in-view is enabled by default. Therefore, database queries may be performed during view rendering. Explicitly configure spring.jpa.open-in-view to disable this warning
2020-10-06 14:53:32.839  WARN 16076 --- [task-2] o.s.b.d.a.OptionalLiveReloadServer       : Unable to start LiveReload server
2020-10-06 14:53:34.086  WARN 16076 --- [restartedMain] ockingLoadBalancerClientRibbonWarnLogger : You already have RibbonLoadBalancerClient on your classpath. It will be used by default. As Spring Cloud Ribbon is in maintenance mode. We recommend switching to BlockingLoadBalancerClient instead. In order to use it, set the value of `spring.cloud.loadbalancer.ribbon.enabled` to `false` or remove spring-cloud-starter-netflix-ribbon from your project.
2020-10-06 14:53:34.106  WARN 16076 --- [restartedMain] arterDeprecationWarningAutoConfiguration : spring-cloud-starter-eureka is deprecated as of Spring Cloud Netflix 1.4.0, please migrate to spring-cloud-starter-netflix-eureka
2020-10-06 14:53:34.776  INFO 16076 --- [restartedMain] c.c.e.TransactionServiceApplication      : Started TransactionServiceApplication in 4.125 seconds (JVM running for 518724.569)
2020-10-06 14:56:34.233  WARN 16076 --- [Thread-35] com.netflix.discovery.DiscoveryClient    : Saw local status change event StatusChangeEvent [timestamp=1601976394233, current=DOWN, previous=UP]
2020-10-06 14:56:38.834  INFO 16076 --- [restartedMain] c.c.e.TransactionServiceApplication      : No active profile set, falling back to default profiles: default
2020-10-06 14:56:40.048  WARN 16076 --- [task-1] org.hibernate.mapping.RootClass          : HHH000038: Composite-id class does not override equals(): com.cg.ewallet.entity.CompositeKey
2020-10-06 14:56:40.051  WARN 16076 --- [task-1] org.hibernate.mapping.RootClass          : HHH000039: Composite-id class does not override hashCode(): com.cg.ewallet.entity.CompositeKey
2020-10-06 14:56:40.065  WARN 16076 --- [restartedMain] c.n.c.sources.URLConfigurationSource     : No URLs will be polled as dynamic configuration sources.
2020-10-06 14:56:40.083  WARN 16076 --- [restartedMain] JpaBaseConfiguration$JpaWebConfiguration : spring.jpa.open-in-view is enabled by default. Therefore, database queries may be performed during view rendering. Explicitly configure spring.jpa.open-in-view to disable this warning
2020-10-06 14:56:40.283  WARN 16076 --- [task-2] o.s.b.d.a.OptionalLiveReloadServer       : Unable to start LiveReload server
2020-10-06 14:56:41.166  WARN 16076 --- [restartedMain] ockingLoadBalancerClientRibbonWarnLogger : You already have RibbonLoadBalancerClient on your classpath. It will be used by default. As Spring Cloud Ribbon is in maintenance mode. We recommend switching to BlockingLoadBalancerClient instead. In order to use it, set the value of `spring.cloud.loadbalancer.ribbon.enabled` to `false` or remove spring-cloud-starter-netflix-ribbon from your project.
2020-10-06 14:56:41.176  WARN 16076 --- [restartedMain] arterDeprecationWarningAutoConfiguration : spring-cloud-starter-eureka is deprecated as of Spring Cloud Netflix 1.4.0, please migrate to spring-cloud-starter-netflix-eureka
2020-10-06 14:56:41.766  INFO 16076 --- [restartedMain] c.c.e.TransactionServiceApplication      : Started TransactionServiceApplication in 3.838 seconds (JVM running for 518911.559)
2020-10-06 14:57:11.657  WARN 16076 --- [Thread-43] com.netflix.discovery.DiscoveryClient    : Saw local status change event StatusChangeEvent [timestamp=1601976431657, current=DOWN, previous=UP]
2020-10-06 14:57:16.967  INFO 16076 --- [restartedMain] c.c.e.TransactionServiceApplication      : No active profile set, falling back to default profiles: default
2020-10-06 14:57:18.115  WARN 16076 --- [task-1] org.hibernate.mapping.RootClass          : HHH000038: Composite-id class does not override equals(): com.cg.ewallet.entity.CompositeKey
2020-10-06 14:57:18.118  WARN 16076 --- [task-1] org.hibernate.mapping.RootClass          : HHH000039: Composite-id class does not override hashCode(): com.cg.ewallet.entity.CompositeKey
2020-10-06 14:57:18.135  WARN 16076 --- [restartedMain] c.n.c.sources.URLConfigurationSource     : No URLs will be polled as dynamic configuration sources.
2020-10-06 14:57:18.163  WARN 16076 --- [restartedMain] JpaBaseConfiguration$JpaWebConfiguration : spring.jpa.open-in-view is enabled by default. Therefore, database queries may be performed during view rendering. Explicitly configure spring.jpa.open-in-view to disable this warning
2020-10-06 14:57:18.362  WARN 16076 --- [task-2] o.s.b.d.a.OptionalLiveReloadServer       : Unable to start LiveReload server
2020-10-06 14:57:19.518  WARN 16076 --- [restartedMain] ockingLoadBalancerClientRibbonWarnLogger : You already have RibbonLoadBalancerClient on your classpath. It will be used by default. As Spring Cloud Ribbon is in maintenance mode. We recommend switching to BlockingLoadBalancerClient instead. In order to use it, set the value of `spring.cloud.loadbalancer.ribbon.enabled` to `false` or remove spring-cloud-starter-netflix-ribbon from your project.
2020-10-06 14:57:19.546  WARN 16076 --- [restartedMain] arterDeprecationWarningAutoConfiguration : spring-cloud-starter-eureka is deprecated as of Spring Cloud Netflix 1.4.0, please migrate to spring-cloud-starter-netflix-eureka
2020-10-06 14:57:20.308  INFO 16076 --- [restartedMain] c.c.e.TransactionServiceApplication      : Started TransactionServiceApplication in 4.386 seconds (JVM running for 518950.1)
2020-10-06 14:58:11.343  WARN 16076 --- [Thread-51] com.netflix.discovery.DiscoveryClient    : Saw local status change event StatusChangeEvent [timestamp=1601976491343, current=DOWN, previous=UP]
2020-10-06 14:58:16.375  INFO 16076 --- [restartedMain] c.c.e.TransactionServiceApplication      : No active profile set, falling back to default profiles: default
2020-10-06 14:58:17.430  WARN 16076 --- [task-1] org.hibernate.mapping.RootClass          : HHH000038: Composite-id class does not override equals(): com.cg.ewallet.entity.CompositeKey
2020-10-06 14:58:17.432  WARN 16076 --- [task-1] org.hibernate.mapping.RootClass          : HHH000039: Composite-id class does not override hashCode(): com.cg.ewallet.entity.CompositeKey
2020-10-06 14:58:17.444  WARN 16076 --- [restartedMain] c.n.c.sources.URLConfigurationSource     : No URLs will be polled as dynamic configuration sources.
2020-10-06 14:58:17.466  WARN 16076 --- [restartedMain] JpaBaseConfiguration$JpaWebConfiguration : spring.jpa.open-in-view is enabled by default. Therefore, database queries may be performed during view rendering. Explicitly configure spring.jpa.open-in-view to disable this warning
2020-10-06 14:58:17.548  WARN 16076 --- [task-2] o.s.b.d.a.OptionalLiveReloadServer       : Unable to start LiveReload server
2020-10-06 14:58:18.529  WARN 16076 --- [restartedMain] ockingLoadBalancerClientRibbonWarnLogger : You already have RibbonLoadBalancerClient on your classpath. It will be used by default. As Spring Cloud Ribbon is in maintenance mode. We recommend switching to BlockingLoadBalancerClient instead. In order to use it, set the value of `spring.cloud.loadbalancer.ribbon.enabled` to `false` or remove spring-cloud-starter-netflix-ribbon from your project.
2020-10-06 14:58:18.554  WARN 16076 --- [restartedMain] arterDeprecationWarningAutoConfiguration : spring-cloud-starter-eureka is deprecated as of Spring Cloud Netflix 1.4.0, please migrate to spring-cloud-starter-netflix-eureka
2020-10-06 14:58:19.182  INFO 16076 --- [restartedMain] c.c.e.TransactionServiceApplication      : Started TransactionServiceApplication in 3.971 seconds (JVM running for 519008.973)
2020-10-06 14:58:31.472  INFO 16076 --- [http-nio-9095-exec-2] com.cg.ewallet.controller.Controller     : View Balance OF Customer
2020-10-06 15:00:31.824  INFO 16076 --- [http-nio-9095-exec-5] com.cg.ewallet.controller.Controller     : Transfer money Customer function
2020-10-06 15:07:49.262  WARN 16076 --- [Thread-59] com.netflix.discovery.DiscoveryClient    : Saw local status change event StatusChangeEvent [timestamp=1601977069262, current=DOWN, previous=UP]
2020-10-06 15:07:54.156  INFO 16076 --- [restartedMain] c.c.e.TransactionServiceApplication      : No active profile set, falling back to default profiles: default
2020-10-06 15:07:55.361  WARN 16076 --- [task-1] org.hibernate.mapping.RootClass          : HHH000038: Composite-id class does not override equals(): com.cg.ewallet.entity.CompositeKey
2020-10-06 15:07:55.366  WARN 16076 --- [task-1] org.hibernate.mapping.RootClass          : HHH000039: Composite-id class does not override hashCode(): com.cg.ewallet.entity.CompositeKey
2020-10-06 15:07:55.390  WARN 16076 --- [restartedMain] c.n.c.sources.URLConfigurationSource     : No URLs will be polled as dynamic configuration sources.
2020-10-06 15:07:55.433  WARN 16076 --- [restartedMain] JpaBaseConfiguration$JpaWebConfiguration : spring.jpa.open-in-view is enabled by default. Therefore, database queries may be performed during view rendering. Explicitly configure spring.jpa.open-in-view to disable this warning
2020-10-06 15:07:55.639  WARN 16076 --- [task-2] o.s.b.d.a.OptionalLiveReloadServer       : Unable to start LiveReload server
2020-10-06 15:07:56.926  WARN 16076 --- [restartedMain] ockingLoadBalancerClientRibbonWarnLogger : You already have RibbonLoadBalancerClient on your classpath. It will be used by default. As Spring Cloud Ribbon is in maintenance mode. We recommend switching to BlockingLoadBalancerClient instead. In order to use it, set the value of `spring.cloud.loadbalancer.ribbon.enabled` to `false` or remove spring-cloud-starter-netflix-ribbon from your project.
2020-10-06 15:07:56.946  WARN 16076 --- [restartedMain] arterDeprecationWarningAutoConfiguration : spring-cloud-starter-eureka is deprecated as of Spring Cloud Netflix 1.4.0, please migrate to spring-cloud-starter-netflix-eureka
2020-10-06 15:07:58.010  INFO 16076 --- [restartedMain] c.c.e.TransactionServiceApplication      : Started TransactionServiceApplication in 4.764 seconds (JVM running for 519587.8)
2020-10-06 15:09:05.142  WARN 16076 --- [Thread-67] com.netflix.discovery.DiscoveryClient    : Saw local status change event StatusChangeEvent [timestamp=1601977145142, current=DOWN, previous=UP]
2020-10-06 15:09:09.702  INFO 16076 --- [restartedMain] c.c.e.TransactionServiceApplication      : No active profile set, falling back to default profiles: default
2020-10-06 15:09:10.684  WARN 16076 --- [task-1] org.hibernate.mapping.RootClass          : HHH000038: Composite-id class does not override equals(): com.cg.ewallet.entity.CompositeKey
2020-10-06 15:09:10.687  WARN 16076 --- [task-1] org.hibernate.mapping.RootClass          : HHH000039: Composite-id class does not override hashCode(): com.cg.ewallet.entity.CompositeKey
2020-10-06 15:09:10.706  WARN 16076 --- [restartedMain] c.n.c.sources.URLConfigurationSource     : No URLs will be polled as dynamic configuration sources.
2020-10-06 15:09:10.729  WARN 16076 --- [restartedMain] JpaBaseConfiguration$JpaWebConfiguration : spring.jpa.open-in-view is enabled by default. Therefore, database queries may be performed during view rendering. Explicitly configure spring.jpa.open-in-view to disable this warning
2020-10-06 15:09:10.890  WARN 16076 --- [task-2] o.s.b.d.a.OptionalLiveReloadServer       : Unable to start LiveReload server
2020-10-06 15:09:11.763  WARN 16076 --- [restartedMain] ockingLoadBalancerClientRibbonWarnLogger : You already have RibbonLoadBalancerClient on your classpath. It will be used by default. As Spring Cloud Ribbon is in maintenance mode. We recommend switching to BlockingLoadBalancerClient instead. In order to use it, set the value of `spring.cloud.loadbalancer.ribbon.enabled` to `false` or remove spring-cloud-starter-netflix-ribbon from your project.
2020-10-06 15:09:11.776  WARN 16076 --- [restartedMain] arterDeprecationWarningAutoConfiguration : spring-cloud-starter-eureka is deprecated as of Spring Cloud Netflix 1.4.0, please migrate to spring-cloud-starter-netflix-eureka
2020-10-06 15:09:12.308  INFO 16076 --- [restartedMain] c.c.e.TransactionServiceApplication      : Started TransactionServiceApplication in 3.438 seconds (JVM running for 519662.099)
2020-10-06 15:14:27.763  INFO 16076 --- [http-nio-9095-exec-1] com.cg.ewallet.controller.Controller     : View Balance OF Customer
2020-10-06 15:15:18.193  INFO 16076 --- [http-nio-9095-exec-3] com.cg.ewallet.controller.Controller     : View Balance OF Customer
2020-10-06 15:15:33.426  INFO 16076 --- [http-nio-9095-exec-5] com.cg.ewallet.controller.Controller     : View Balance OF Customer
2020-10-06 15:16:24.375  INFO 16076 --- [http-nio-9095-exec-7] com.cg.ewallet.controller.Controller     : View Balance OF Customer
2020-10-06 15:16:28.725  INFO 16076 --- [http-nio-9095-exec-8] com.cg.ewallet.controller.Controller     : transaction details by phn number
2020-10-06 15:16:31.206  INFO 16076 --- [http-nio-9095-exec-10] com.cg.ewallet.controller.Controller     : View Balance OF Customer
2020-10-06 15:16:44.656  INFO 16076 --- [http-nio-9095-exec-3] com.cg.ewallet.controller.Controller     : Transfer money Customer function
2020-10-06 15:16:55.856  WARN 16076 --- [http-nio-9095-exec-6] .w.s.m.s.DefaultHandlerExceptionResolver : Resolved [org.springframework.web.method.annotation.MethodArgumentTypeMismatchException: Failed to convert value of type 'java.lang.String' to required type 'float'; nested exception is java.lang.NumberFormatException: For input string: "asbdvabdv"]
2020-10-06 15:21:31.027  INFO 16076 --- [http-nio-9095-exec-8] com.cg.ewallet.controller.Controller     : Transaction List
2020-10-06 15:24:13.935  INFO 16076 --- [http-nio-9095-exec-10] com.cg.ewallet.controller.Controller     : Transaction List
2020-10-06 15:25:40.888  INFO 16076 --- [http-nio-9095-exec-3] com.cg.ewallet.controller.Controller     : transaction details by phn number
2020-10-06 15:27:46.402  INFO 16076 --- [http-nio-9095-exec-5] com.cg.ewallet.controller.Controller     : View Balance OF Customer
2020-10-06 15:27:47.829  INFO 16076 --- [http-nio-9095-exec-6] com.cg.ewallet.controller.Controller     : View Balance OF Customer
2020-10-06 15:32:35.040  INFO 16076 --- [http-nio-9095-exec-9] com.cg.ewallet.controller.Controller     : View Balance OF Customer
2020-10-06 15:35:25.551  INFO 16076 --- [http-nio-9095-exec-1] com.cg.ewallet.controller.Controller     : View Balance OF Customer
2020-10-06 15:35:38.484  INFO 16076 --- [http-nio-9095-exec-2] com.cg.ewallet.controller.Controller     : transaction details by phn number
2020-10-06 15:35:50.218  INFO 16076 --- [http-nio-9095-exec-4] com.cg.ewallet.controller.Controller     : Transfer money Customer function
2020-10-06 15:35:53.160  INFO 16076 --- [http-nio-9095-exec-5] com.cg.ewallet.controller.Controller     : View Balance OF Customer
2020-10-06 16:15:29.701  WARN 16076 --- [http-nio-9095-exec-8] .w.s.m.s.DefaultHandlerExceptionResolver : Resolved [org.springframework.web.method.annotation.MethodArgumentTypeMismatchException: Failed to convert value of type 'java.lang.String' to required type 'long'; nested exception is java.lang.NumberFormatException: For input string: "undefined"]
2020-10-06 16:15:45.628  WARN 16076 --- [http-nio-9095-exec-9] .w.s.m.s.DefaultHandlerExceptionResolver : Resolved [org.springframework.web.method.annotation.MethodArgumentTypeMismatchException: Failed to convert value of type 'java.lang.String' to required type 'long'; nested exception is java.lang.NumberFormatException: For input string: "undefined"]
2020-10-06 16:17:01.554  WARN 16076 --- [http-nio-9095-exec-10] .w.s.m.s.DefaultHandlerExceptionResolver : Resolved [org.springframework.web.method.annotation.MethodArgumentTypeMismatchException: Failed to convert value of type 'java.lang.String' to required type 'long'; nested exception is java.lang.NumberFormatException: For input string: "undefined"]
2020-10-06 16:18:47.865  INFO 16076 --- [http-nio-9095-exec-2] com.cg.ewallet.controller.Controller     : Transfer money Customer function
2020-10-06 16:21:38.198  INFO 16076 --- [http-nio-9095-exec-5] com.cg.ewallet.controller.Controller     : View Balance OF Customer
2020-10-06 16:22:30.241  WARN 16076 --- [Thread-75] com.netflix.discovery.DiscoveryClient    : Saw local status change event StatusChangeEvent [timestamp=1601981550241, current=DOWN, previous=UP]
2020-10-06 16:22:37.678  INFO 16076 --- [restartedMain] c.c.e.TransactionServiceApplication      : No active profile set, falling back to default profiles: default
2020-10-06 16:22:38.814  WARN 16076 --- [task-1] org.hibernate.mapping.RootClass          : HHH000038: Composite-id class does not override equals(): com.cg.ewallet.entity.CompositeKey
2020-10-06 16:22:38.822  WARN 16076 --- [task-1] org.hibernate.mapping.RootClass          : HHH000039: Composite-id class does not override hashCode(): com.cg.ewallet.entity.CompositeKey
2020-10-06 16:22:38.844  WARN 16076 --- [restartedMain] c.n.c.sources.URLConfigurationSource     : No URLs will be polled as dynamic configuration sources.
2020-10-06 16:22:38.878  WARN 16076 --- [restartedMain] JpaBaseConfiguration$JpaWebConfiguration : spring.jpa.open-in-view is enabled by default. Therefore, database queries may be performed during view rendering. Explicitly configure spring.jpa.open-in-view to disable this warning
2020-10-06 16:22:39.055  WARN 16076 --- [task-2] o.s.b.d.a.OptionalLiveReloadServer       : Unable to start LiveReload server
2020-10-06 16:22:40.250  WARN 16076 --- [restartedMain] ockingLoadBalancerClientRibbonWarnLogger : You already have RibbonLoadBalancerClient on your classpath. It will be used by default. As Spring Cloud Ribbon is in maintenance mode. We recommend switching to BlockingLoadBalancerClient instead. In order to use it, set the value of `spring.cloud.loadbalancer.ribbon.enabled` to `false` or remove spring-cloud-starter-netflix-ribbon from your project.
2020-10-06 16:22:40.283  WARN 16076 --- [restartedMain] arterDeprecationWarningAutoConfiguration : spring-cloud-starter-eureka is deprecated as of Spring Cloud Netflix 1.4.0, please migrate to spring-cloud-starter-netflix-eureka
2020-10-06 16:22:41.009  INFO 16076 --- [restartedMain] c.c.e.TransactionServiceApplication      : Started TransactionServiceApplication in 4.595 seconds (JVM running for 524070.799)
2020-10-06 16:22:56.290  INFO 16076 --- [http-nio-9095-exec-1] com.cg.ewallet.controller.Controller     : View Balance OF Customer
2020-10-06 16:24:13.928  INFO 16076 --- [http-nio-9095-exec-4] com.cg.ewallet.controller.Controller     : transaction details by phn number
2020-10-06 16:24:16.973  INFO 16076 --- [http-nio-9095-exec-3] com.cg.ewallet.controller.Controller     : View Balance OF Customer
2020-10-06 16:24:20.246  INFO 16076 --- [http-nio-9095-exec-7] com.cg.ewallet.controller.Controller     : View Balance OF Customer
2020-10-06 16:24:29.026  WARN 16076 --- [http-nio-9095-exec-10] .w.s.m.s.DefaultHandlerExceptionResolver : Resolved [org.springframework.web.method.annotation.MethodArgumentTypeMismatchException: Failed to convert value of type 'java.lang.String' to required type 'long'; nested exception is java.lang.NumberFormatException: For input string: "undefined"]
2020-10-06 16:24:32.693  INFO 16076 --- [http-nio-9095-exec-2] com.cg.ewallet.controller.Controller     : Transfer money Customer function
2020-10-06 16:24:38.991  INFO 16076 --- [http-nio-9095-exec-4] com.cg.ewallet.controller.Controller     : transaction details by phn number
2020-10-06 16:26:38.700  INFO 16076 --- [http-nio-9095-exec-6] com.cg.ewallet.controller.Controller     : transaction details by phn number
2020-10-06 16:28:10.880  INFO 16076 --- [http-nio-9095-exec-8] com.cg.ewallet.controller.Controller     : transaction details by phn number
2020-10-06 16:28:15.467  INFO 16076 --- [http-nio-9095-exec-9] com.cg.ewallet.controller.Controller     : View Balance OF Customer
2020-10-06 16:28:30.649  INFO 16076 --- [http-nio-9095-exec-1] com.cg.ewallet.controller.Controller     : transaction details by phn number
2020-10-06 16:29:03.865  INFO 16076 --- [http-nio-9095-exec-5] com.cg.ewallet.controller.Controller     : transaction details by phn number
2020-10-06 16:40:02.657  INFO 16076 --- [http-nio-9095-exec-3] com.cg.ewallet.controller.Controller     : transaction details by phn number
2020-10-06 16:40:22.435  INFO 16076 --- [http-nio-9095-exec-7] com.cg.ewallet.controller.Controller     : Transfer money Customer function
2020-10-06 16:42:13.407  WARN 16076 --- [http-nio-9095-exec-10] .w.s.m.s.DefaultHandlerExceptionResolver : Resolved [org.springframework.web.method.annotation.MethodArgumentTypeMismatchException: Failed to convert value of type 'java.lang.String' to required type 'float'; nested exception is java.lang.NumberFormatException: For input string: "1ssss"]
2020-10-06 16:44:03.776  INFO 16076 --- [http-nio-9095-exec-1] com.cg.ewallet.controller.Controller     : Transfer money Customer function
2020-10-06 16:45:19.662  INFO 16076 --- [http-nio-9095-exec-5] com.cg.ewallet.controller.Controller     : Transfer money Customer function
2020-10-06 16:48:36.689  INFO 16076 --- [http-nio-9095-exec-6] com.cg.ewallet.controller.Controller     : Transfer money Customer function
2020-10-06 16:49:35.100  INFO 16076 --- [http-nio-9095-exec-9] com.cg.ewallet.controller.Controller     : Transfer money Customer function
2020-10-06 16:49:37.849  INFO 16076 --- [http-nio-9095-exec-10] com.cg.ewallet.controller.Controller     : View Balance OF Customer
2020-10-06 16:49:54.321  INFO 16076 --- [http-nio-9095-exec-2] com.cg.ewallet.controller.Controller     : View Balance OF Customer
